# Found Errors Log
Last Updated: 2024-02-14 16:30 UTC

## Critical Errors

1. [2024-02-14 15:30 UTC] bcrypt not loaded
   - Location: login.html
   - Error: "bcrypt not loaded" error in console
   - Cause: bcrypt.js script loading before dependencies
   - Solution: Reordered script tags in login.html to load dependencies first
   - Status: ✅ Fixed

2. [2024-02-14 15:35 UTC] MancalaGame draw method missing
   - Location: games/mancala.js
   - Error: "this.draw is not a function"
   - Cause: Missing draw method implementation
   - Solution: Added complete draw method with pit rendering
   - Status: ✅ Fixed

3. [2024-02-14 15:40 UTC] GameEngine not defined
   - Location: games/slot-machine.js
   - Error: "GameEngine is not defined" when spinning
   - Cause: GameEngine class not available globally
   - Solution: 
     - Converted GameEngine to browser-compatible JS
     - Added to window object
     - Updated script loading order
   - Status: ✅ Fixed

4. [2024-02-14 15:45 UTC] Export token error
   - Location: src/utils/GameEngine.ts
   - Error: "Unexpected token 'export'"
   - Cause: ES modules not supported directly in browser
   - Solution: 
     - Created browser-compatible version (GameEngine.js)
     - Removed TypeScript/ES module syntax
     - Added global registration
   - Status: ✅ Fixed

5. [2024-02-14 16:00 UTC] Slot machine syntax error
   - Location: games/slot-machine.js
   - Error: "Unexpected token '{'"
   - Cause: Missing script tag in index.html
   - Solution: Added missing script tag for slot-machine.js
   - Status: ✅ Fixed

6. [2024-02-14 16:30 UTC] GameEngine singleton issue
   - Location: src/utils/GameEngine.js
   - Error: Multiple instances causing state conflicts
   - Cause: No singleton pattern implementation
   - Solution: Implemented singleton pattern for GameEngine
   - Status: ✅ Fixed

## Potential Issues to Monitor

1. [2024-02-14 15:50 UTC] Race Conditions in Game Loading
   - Location: main.js
   - Issue: Games might initialize before dependencies load
   - Solution: Added dependency checks before game initialization
   - Status: ✅ Fixed

2. [2024-02-14 15:55 UTC] Memory Leaks in Game Cleanup
   - Location: Multiple game files
   - Issue: Resources not properly cleaned up on game switch
   - Solution: Enhanced destroy methods to clean up all resources
   - Status: ✅ Fixed

3. [2024-02-14 16:30 UTC] Random Number Generation
   - Location: src/utils/GameEngine.js
   - Issue: Using Math.random() for game results
   - Solution: Switched to crypto.getRandomValues for secure RNG
   - Status: ✅ Fixed

## Security Concerns

1. [2024-02-14 16:00 UTC] Client-Side Game Verification
   - Location: src/utils/GameEngine.js
   - Issue: Game results generated client-side could be manipulated
   - Recommendation: Move result generation to server-side in production
   - Status: ⚠️ Needs Server Implementation

2. [2024-02-14 16:30 UTC] Error Handling
   - Location: All game files
   - Issue: Sensitive information in error messages
   - Solution: Implemented proper error handling and logging
   - Status: ✅ Fixed

## Performance Optimizations

1. [2024-02-14 16:05 UTC] Animation Frame Management
   - Location: All game files
   - Issue: Multiple requestAnimationFrame calls not properly cancelled
   - Solution: Added proper cleanup in destroy methods
   - Status: ✅ Fixed

2. [2024-02-14 16:10 UTC] Asset Loading
   - Location: index.html
   - Issue: Large scripts blocking page load
   - Solution: Added async/defer where appropriate
   - Status: ✅ Fixed

## Best Practices

1. [2024-02-14 16:15 UTC] Error Handling
   - Location: All files
   - Issue: Inconsistent error handling patterns
   - Solution: Standardized error handling with user feedback
   - Status: ✅ Fixed

2. [2024-02-14 16:20 UTC] Code Organization
   - Location: Project structure
   - Issue: Mixed module formats and inconsistent patterns
   - Solution: Standardized to browser-compatible format
   - Status: ✅ Fixed

## Notes for Future Development

1. Consider implementing proper module bundling
2. Add comprehensive error tracking
3. Implement server-side game logic
4. Add automated testing
5. Improve documentation

## Monitoring Tools

- Browser Console Logging
- Performance Monitoring
- Error Tracking
- User Feedback Collection

## Update Schedule

- Daily error log review
- Weekly performance analysis
- Monthly security audit